Running: E:\download\ISE\14.4\ISE_DS\ISE\bin\nt64\unwrapped\fuse.exe -intstyle ise -incremental -lib unisims_ver -lib unimacro_ver -lib xilinxcorelib_ver -lib secureip -o E:/meng/University/finalSectionOfGrade3/CaseStudyforEmbeddedSystemArchitectureDesign/experiments/project/pipeline_cpu/cpu_test_isim_beh.exe -prj E:/meng/University/finalSectionOfGrade3/CaseStudyforEmbeddedSystemArchitectureDesign/experiments/project/pipeline_cpu/cpu_test_beh.prj work.cpu_test work.glbl 
ISim P.49d (signature 0x7708f090)
Number of CPUs detected in this system: 4
Turning on mult-threading, number of parallel sub-compilation jobs: 8 
Determining compilation order of HDL files
Analyzing Verilog file "E:/meng/University/finalSectionOfGrade3/CaseStudyforEmbeddedSystemArchitectureDesign/experiments/project/pipeline_cpu/instruction_memory.v" into library work
Analyzing Verilog file "E:/meng/University/finalSectionOfGrade3/CaseStudyforEmbeddedSystemArchitectureDesign/experiments/project/pipeline_cpu/data_memory.v" into library work
Analyzing Verilog file "E:/meng/University/finalSectionOfGrade3/CaseStudyforEmbeddedSystemArchitectureDesign/experiments/project/pipeline_cpu/cpu.v" into library work
Analyzing Verilog file "E:/meng/University/finalSectionOfGrade3/CaseStudyforEmbeddedSystemArchitectureDesign/experiments/project/pipeline_cpu/cpu_top.v" into library work
Analyzing Verilog file "E:/meng/University/finalSectionOfGrade3/CaseStudyforEmbeddedSystemArchitectureDesign/experiments/project/pipeline_cpu/cpu_test.v" into library work
Analyzing Verilog file "E:/download/ISE/14.4/ISE_DS/ISE//verilog/src/glbl.v" into library work
Starting static elaboration
Completed static elaboration
Compiling module data_memory
Compiling module instruction_memory
Compiling module cpu
Compiling module cpu_top
Compiling module cpu_test
Compiling module glbl
Time Resolution for simulation is 1ps.
Waiting for 1 sub-compilation(s) to finish...
Compiled 6 Verilog Units
Built simulation executable E:/meng/University/finalSectionOfGrade3/CaseStudyforEmbeddedSystemArchitectureDesign/experiments/project/pipeline_cpu/cpu_test_isim_beh.exe
Fuse Memory Usage: 30720 KB
Fuse CPU Usage: 687 ms
